
Showing logs for build [32mmeta-rafaelrliscano-microservic-ck5xt-1[0m stage [32mmeta-pipeline[0m and container [32mcredential-initializer[0m
{"level":"info","ts":1596158810.8950307,"caller":"creds-init/main.go:44","msg":"Credentials initialized."}

Showing logs for build [32mmeta-rafaelrliscano-microservic-ck5xt-1[0m stage [32mmeta-pipeline[0m and container [32mworking-dir-initializer[0m

Showing logs for build [32mmeta-rafaelrliscano-microservic-ck5xt-1[0m stage [32mmeta-pipeline[0m and container [32mplace-tools[0m

Showing logs for build [32mmeta-rafaelrliscano-microservic-ck5xt-1[0m stage [32mmeta-pipeline[0m and container [32mstep-git-source-meta-rafaelrliscano-microservic-ck5xt-2l524[0m
{"level":"info","ts":1596158818.405885,"caller":"git/git.go:105","msg":"Successfully cloned https://github.com/**************/microservicedates.git @ 3e3ed222aa4d5b4355c1dbe5cdbb56080264a5e0 in path /workspace/source"}
{"level":"warn","ts":1596158818.4059675,"caller":"git/git.go:152","msg":"Unexpected error: creating symlink: symlink /tekton/home/.ssh /root/.ssh: file exists"}
{"level":"info","ts":1596158818.443848,"caller":"git/git.go:133","msg":"Successfully initialized and updated submodules in path /workspace/source"}

Showing logs for build [32mmeta-rafaelrliscano-microservic-ck5xt-1[0m stage [32mmeta-pipeline[0m and container [32mstep-setup-builder-home[0m

Showing logs for build [32mmeta-rafaelrliscano-microservic-ck5xt-1[0m stage [32mmeta-pipeline[0m and container [32mstep-git-merge[0m
Using SHAs from PULL_REFS=master:3e3ed222aa4d5b4355c1dbe5cdbb56080264a5e0,4:b6380a267a1f991665e7c6f3299e82fe443751f3
DEBUG: LC_ALL=C JX_LOG_LEVEL=error git fetch origin --unshallow b6380a267a1f991665e7c6f3299e82fe443751f3: 3e3ed222aa4d5b4355c1dbe5cdbb56080264a5e0:
DEBUG: ran git fetch --unshallow origin b6380a267a1f991665e7c6f3299e82fe443751f3: 3e3ed222aa4d5b4355c1dbe5cdbb56080264a5e0: in 
DEBUG: LC_ALL=C JX_LOG_LEVEL=error git branch
DEBUG: LC_ALL=C JX_LOG_LEVEL=error git checkout master
DEBUG: ran git checkout master in 
DEBUG: LC_ALL=C JX_LOG_LEVEL=error git reset --hard 3e3ed222aa4d5b4355c1dbe5cdbb56080264a5e0
DEBUG: ran git reset --hard 3e3ed222aa4d5b4355c1dbe5cdbb56080264a5e0 in 
DEBUG: LC_ALL=C JX_LOG_LEVEL=error git clean -fd .
DEBUG: ran clean --force -d . in 
DEBUG: LC_ALL=C JX_LOG_LEVEL=error git merge b6380a267a1f991665e7c6f3299e82fe443751f3
DEBUG: ran git merge b6380a267a1f991665e7c6f3299e82fe443751f3 in 
DEBUG: LC_ALL=C JX_LOG_LEVEL=error git log --format=%H%x1f%an%x1f%ae%x1f%cn%x1f%ce%x1f%s%n%b%x1e 3e3ed222aa4d5b4355c1dbe5cdbb56080264a5e0..HEAD
Merged SHA b3dedc47454be4baef7a85712fd3b67a8ed1374b with commit message 'Merge commit 'b6380a267a1f991665e7c6f3299e82fe443751f3'' into base branch master
Merged SHA b6380a267a1f991665e7c6f3299e82fe443751f3 with commit message 'ajuste stage 3, step 1, comentario' into base branch master

Showing logs for build [32mmeta-rafaelrliscano-microservic-ck5xt-1[0m stage [32mmeta-pipeline[0m and container [32mstep-merge-pull-refs[0m
DEBUG: LC_ALL=C JX_LOG_LEVEL=error git fetch origin --unshallow b6380a267a1f991665e7c6f3299e82fe443751f3: 3e3ed222aa4d5b4355c1dbe5cdbb56080264a5e0:
DEBUG: LC_ALL=C JX_LOG_LEVEL=error git fetch origin b6380a267a1f991665e7c6f3299e82fe443751f3: 3e3ed222aa4d5b4355c1dbe5cdbb56080264a5e0:
DEBUG: ran git fetch origin b6380a267a1f991665e7c6f3299e82fe443751f3: 3e3ed222aa4d5b4355c1dbe5cdbb56080264a5e0: in 
DEBUG: JX_LOG_LEVEL=error LC_ALL=C git rev-parse --is-shallow-repository
DEBUG: Unshallowed git repo in 
DEBUG: LC_ALL=C JX_LOG_LEVEL=error git branch
DEBUG: LC_ALL=C JX_LOG_LEVEL=error git checkout master
DEBUG: ran git checkout master in 
DEBUG: LC_ALL=C JX_LOG_LEVEL=error git reset --hard 3e3ed222aa4d5b4355c1dbe5cdbb56080264a5e0
DEBUG: ran git reset --hard 3e3ed222aa4d5b4355c1dbe5cdbb56080264a5e0 in 
DEBUG: LC_ALL=C JX_LOG_LEVEL=error git clean -fd .
DEBUG: ran clean --force -d . in 
DEBUG: LC_ALL=C JX_LOG_LEVEL=error git merge b6380a267a1f991665e7c6f3299e82fe443751f3
DEBUG: ran git merge b6380a267a1f991665e7c6f3299e82fe443751f3 in 
DEBUG: LC_ALL=C JX_LOG_LEVEL=error git log --format=%H%x1f%an%x1f%ae%x1f%cn%x1f%ce%x1f%s%n%b%x1e 3e3ed222aa4d5b4355c1dbe5cdbb56080264a5e0..HEAD
Merged SHA 3d6efba3fdfbd233dfd5fdfe2a17fde3b66d426f with commit message 'Merge commit 'b6380a267a1f991665e7c6f3299e82fe443751f3'' into base branch master
Merged SHA b6380a267a1f991665e7c6f3299e82fe443751f3 with commit message 'ajuste stage 3, step 1, comentario' into base branch master

Showing logs for build [32mmeta-rafaelrliscano-microservic-ck5xt-1[0m stage [32mmeta-pipeline[0m and container [32mstep-create-effective-pipeline[0m
error: failed to create effective pipeline for release: validation failed for Pipeline: expected exactly one, got neither: stages[2].parallel, stages[2].stages, stages[2].steps
[31m
Pipeline failed on stage 'meta-pipeline' : container 'step-create-effective-pipeline'. The execution of the pipeline has stopped.[0m
