
Showing logs for build [32mrafaelrliscano-microservicedate-ws89v-1[0m stage [32mrelease[0m and container [32mcredential-initializer[0m
{"level":"info","ts":1596503351.0183504,"caller":"creds-init/main.go:44","msg":"Credentials initialized."}

Showing logs for build [32mrafaelrliscano-microservicedate-ws89v-1[0m stage [32mrelease[0m and container [32mworking-dir-initializer[0m

Showing logs for build [32mrafaelrliscano-microservicedate-ws89v-1[0m stage [32mrelease[0m and container [32mplace-tools[0m

Showing logs for build [32mrafaelrliscano-microservicedate-ws89v-1[0m stage [32mrelease[0m and container [32mstep-git-source-rafaelrliscano-microservicedate-ws89v-h5qkg[0m
{"level":"info","ts":1596503357.0786264,"caller":"git/git.go:105","msg":"Successfully cloned https://github.com/**************/microservicedates.git @ master in path /workspace/source"}
{"level":"warn","ts":1596503357.078754,"caller":"git/git.go:152","msg":"Unexpected error: creating symlink: symlink /tekton/home/.ssh /root/.ssh: file exists"}
{"level":"info","ts":1596503357.114829,"caller":"git/git.go:133","msg":"Successfully initialized and updated submodules in path /workspace/source"}

Showing logs for build [32mrafaelrliscano-microservicedate-ws89v-1[0m stage [32mrelease[0m and container [32mstep-setup-builder-home[0m

Showing logs for build [32mrafaelrliscano-microservicedate-ws89v-1[0m stage [32mrelease[0m and container [32mstep-git-merge[0m
Using SHAs from PULL_REFS=master:fa928df67dedab90295af56db96a3ebae3ebacb0,13:b4fd3bb393fe2935a48d3a2c32306c3abcfd7932
DEBUG: LC_ALL=C JX_LOG_LEVEL=error git fetch origin --unshallow b4fd3bb393fe2935a48d3a2c32306c3abcfd7932: fa928df67dedab90295af56db96a3ebae3ebacb0:
DEBUG: ran git fetch --unshallow origin b4fd3bb393fe2935a48d3a2c32306c3abcfd7932: fa928df67dedab90295af56db96a3ebae3ebacb0: in 
DEBUG: LC_ALL=C JX_LOG_LEVEL=error git branch
DEBUG: LC_ALL=C JX_LOG_LEVEL=error git checkout master
DEBUG: ran git checkout master in 
DEBUG: JX_LOG_LEVEL=error LC_ALL=C git reset --hard fa928df67dedab90295af56db96a3ebae3ebacb0
DEBUG: ran git reset --hard fa928df67dedab90295af56db96a3ebae3ebacb0 in 
DEBUG: JX_LOG_LEVEL=error LC_ALL=C git clean -fd .
DEBUG: ran clean --force -d . in 
DEBUG: LC_ALL=C JX_LOG_LEVEL=error git merge b4fd3bb393fe2935a48d3a2c32306c3abcfd7932
DEBUG: ran git merge b4fd3bb393fe2935a48d3a2c32306c3abcfd7932 in 
DEBUG: LC_ALL=C JX_LOG_LEVEL=error git log --format=%H%x1f%an%x1f%ae%x1f%cn%x1f%ce%x1f%s%n%b%x1e fa928df67dedab90295af56db96a3ebae3ebacb0..HEAD
Merged SHA 5805fe82067658c0dc2ee2ccd65f38ddf470d59a with commit message 'Merge commit 'b4fd3bb393fe2935a48d3a2c32306c3abcfd7932'' into base branch master
Merged SHA b4fd3bb393fe2935a48d3a2c32306c3abcfd7932 with commit message 'Cambio a pullRequest' into base branch master

Showing logs for build [32mrafaelrliscano-microservicedate-ws89v-1[0m stage [32mrelease[0m and container [32mstep-step2[0m
gcr.io - microservicesdates - v1.0
