
Showing logs for build [32mmeta-rafaelrliscano-microservic-dq88n-1[0m stage [32mmeta-pipeline[0m and container [32mcredential-initializer[0m
{"level":"info","ts":1596493874.2885168,"caller":"creds-init/main.go:44","msg":"Credentials initialized."}

Showing logs for build [32mmeta-rafaelrliscano-microservic-dq88n-1[0m stage [32mmeta-pipeline[0m and container [32mworking-dir-initializer[0m

Showing logs for build [32mmeta-rafaelrliscano-microservic-dq88n-1[0m stage [32mmeta-pipeline[0m and container [32mplace-tools[0m

Showing logs for build [32mmeta-rafaelrliscano-microservic-dq88n-1[0m stage [32mmeta-pipeline[0m and container [32mstep-git-source-meta-rafaelrliscano-microservic-dq88n-9lqff[0m
{"level":"info","ts":1596493881.2308087,"caller":"git/git.go:105","msg":"Successfully cloned https://github.com/**************/microservicedates.git @ fbdb3afb76eb8a15dc9e207e64e8ae834cb10903 in path /workspace/source"}
{"level":"warn","ts":1596493881.2309086,"caller":"git/git.go:152","msg":"Unexpected error: creating symlink: symlink /tekton/home/.ssh /root/.ssh: file exists"}
{"level":"info","ts":1596493881.2664938,"caller":"git/git.go:133","msg":"Successfully initialized and updated submodules in path /workspace/source"}

Showing logs for build [32mmeta-rafaelrliscano-microservic-dq88n-1[0m stage [32mmeta-pipeline[0m and container [32mstep-setup-builder-home[0m

Showing logs for build [32mmeta-rafaelrliscano-microservic-dq88n-1[0m stage [32mmeta-pipeline[0m and container [32mstep-git-merge[0m
Using SHAs from PULL_REFS=master:fbdb3afb76eb8a15dc9e207e64e8ae834cb10903,8:2678dbeea6187e96f41a4cc3f7a31c62b403dbcd
DEBUG: LC_ALL=C JX_LOG_LEVEL=error git fetch origin --unshallow 2678dbeea6187e96f41a4cc3f7a31c62b403dbcd: fbdb3afb76eb8a15dc9e207e64e8ae834cb10903:
DEBUG: ran git fetch --unshallow origin 2678dbeea6187e96f41a4cc3f7a31c62b403dbcd: fbdb3afb76eb8a15dc9e207e64e8ae834cb10903: in 
DEBUG: LC_ALL=C JX_LOG_LEVEL=error git branch
DEBUG: LC_ALL=C JX_LOG_LEVEL=error git checkout master
DEBUG: ran git checkout master in 
DEBUG: LC_ALL=C JX_LOG_LEVEL=error git reset --hard fbdb3afb76eb8a15dc9e207e64e8ae834cb10903
DEBUG: ran git reset --hard fbdb3afb76eb8a15dc9e207e64e8ae834cb10903 in 
DEBUG: LC_ALL=C JX_LOG_LEVEL=error git clean -fd .
DEBUG: ran clean --force -d . in 
DEBUG: LC_ALL=C JX_LOG_LEVEL=error git merge 2678dbeea6187e96f41a4cc3f7a31c62b403dbcd
DEBUG: ran git merge 2678dbeea6187e96f41a4cc3f7a31c62b403dbcd in 
DEBUG: LC_ALL=C JX_LOG_LEVEL=error git log --format=%H%x1f%an%x1f%ae%x1f%cn%x1f%ce%x1f%s%n%b%x1e fbdb3afb76eb8a15dc9e207e64e8ae834cb10903..HEAD
Merged SHA 5ca9af4ff76e8132380eba4de369d951269c4ec6 with commit message 'Merge commit '2678dbeea6187e96f41a4cc3f7a31c62b403dbcd'' into base branch master
Merged SHA 2678dbeea6187e96f41a4cc3f7a31c62b403dbcd with commit message 'ajuste pipeline 02' into base branch master

Showing logs for build [32mmeta-rafaelrliscano-microservic-dq88n-1[0m stage [32mmeta-pipeline[0m and container [32mstep-merge-pull-refs[0m
DEBUG: LC_ALL=C JX_LOG_LEVEL=error git fetch origin --unshallow 2678dbeea6187e96f41a4cc3f7a31c62b403dbcd: fbdb3afb76eb8a15dc9e207e64e8ae834cb10903:
DEBUG: LC_ALL=C JX_LOG_LEVEL=error git fetch origin 2678dbeea6187e96f41a4cc3f7a31c62b403dbcd: fbdb3afb76eb8a15dc9e207e64e8ae834cb10903:
DEBUG: ran git fetch origin 2678dbeea6187e96f41a4cc3f7a31c62b403dbcd: fbdb3afb76eb8a15dc9e207e64e8ae834cb10903: in 
DEBUG: LC_ALL=C JX_LOG_LEVEL=error git rev-parse --is-shallow-repository
DEBUG: Unshallowed git repo in 
DEBUG: LC_ALL=C JX_LOG_LEVEL=error git branch
DEBUG: LC_ALL=C JX_LOG_LEVEL=error git checkout master
DEBUG: ran git checkout master in 
DEBUG: LC_ALL=C JX_LOG_LEVEL=error git reset --hard fbdb3afb76eb8a15dc9e207e64e8ae834cb10903
DEBUG: ran git reset --hard fbdb3afb76eb8a15dc9e207e64e8ae834cb10903 in 
DEBUG: LC_ALL=C JX_LOG_LEVEL=error git clean -fd .
DEBUG: ran clean --force -d . in 
DEBUG: LC_ALL=C JX_LOG_LEVEL=error git merge 2678dbeea6187e96f41a4cc3f7a31c62b403dbcd
DEBUG: ran git merge 2678dbeea6187e96f41a4cc3f7a31c62b403dbcd in 
DEBUG: JX_LOG_LEVEL=error LC_ALL=C git log --format=%H%x1f%an%x1f%ae%x1f%cn%x1f%ce%x1f%s%n%b%x1e fbdb3afb76eb8a15dc9e207e64e8ae834cb10903..HEAD
Merged SHA 137122d87c1bfd4a1b406a35ffb660d9c245e5d7 with commit message 'Merge commit '2678dbeea6187e96f41a4cc3f7a31c62b403dbcd'' into base branch master
Merged SHA 2678dbeea6187e96f41a4cc3f7a31c62b403dbcd with commit message 'ajuste pipeline 02' into base branch master

Showing logs for build [32mmeta-rafaelrliscano-microservic-dq88n-1[0m stage [32mmeta-pipeline[0m and container [32mstep-create-effective-pipeline[0m
Effective pipeline written to jenkins-x-pr-build-effective.yml

Showing logs for build [32mmeta-rafaelrliscano-microservic-dq88n-1[0m stage [32mmeta-pipeline[0m and container [32mstep-create-tekton-crds[0m
error: failed to generate Tekton CRDs: unable to extract the requested pipeline: no pipeline defined for kind pullrequest
[31m
Pipeline failed on stage 'meta-pipeline' : container 'step-create-tekton-crds'. The execution of the pipeline has stopped.[0m
