
Showing logs for build [32mmeta-rafaelrliscano-microservic-l5kgc-1[0m stage [32mmeta-pipeline[0m and container [32mcredential-initializer[0m
{"level":"info","ts":1596157261.4767656,"caller":"creds-init/main.go:44","msg":"Credentials initialized."}

Showing logs for build [32mmeta-rafaelrliscano-microservic-l5kgc-1[0m stage [32mmeta-pipeline[0m and container [32mworking-dir-initializer[0m

Showing logs for build [32mmeta-rafaelrliscano-microservic-l5kgc-1[0m stage [32mmeta-pipeline[0m and container [32mplace-tools[0m

Showing logs for build [32mmeta-rafaelrliscano-microservic-l5kgc-1[0m stage [32mmeta-pipeline[0m and container [32mstep-git-source-meta-rafaelrliscano-microservic-l5kgc-glmj9[0m
{"level":"info","ts":1596157267.2735488,"caller":"git/git.go:105","msg":"Successfully cloned https://github.com/**************/microservicedates.git @ dff675766d92b2d1515d214529db31dc803073ef in path /workspace/source"}
{"level":"warn","ts":1596157267.273925,"caller":"git/git.go:152","msg":"Unexpected error: creating symlink: symlink /tekton/home/.ssh /root/.ssh: file exists"}
{"level":"info","ts":1596157267.317594,"caller":"git/git.go:133","msg":"Successfully initialized and updated submodules in path /workspace/source"}

Showing logs for build [32mmeta-rafaelrliscano-microservic-l5kgc-1[0m stage [32mmeta-pipeline[0m and container [32mstep-setup-builder-home[0m

Showing logs for build [32mmeta-rafaelrliscano-microservic-l5kgc-1[0m stage [32mmeta-pipeline[0m and container [32mstep-git-merge[0m
Using SHAs from PULL_REFS=master:dff675766d92b2d1515d214529db31dc803073ef,2:09d8863baf3393a427c2e54c89676bdb2d5299e9
DEBUG: JX_LOG_LEVEL=error LC_ALL=C git fetch origin --unshallow 09d8863baf3393a427c2e54c89676bdb2d5299e9: dff675766d92b2d1515d214529db31dc803073ef:
DEBUG: ran git fetch --unshallow origin 09d8863baf3393a427c2e54c89676bdb2d5299e9: dff675766d92b2d1515d214529db31dc803073ef: in 
DEBUG: LC_ALL=C JX_LOG_LEVEL=error git branch
DEBUG: LC_ALL=C JX_LOG_LEVEL=error git checkout master
DEBUG: ran git checkout master in 
DEBUG: LC_ALL=C JX_LOG_LEVEL=error git reset --hard dff675766d92b2d1515d214529db31dc803073ef
DEBUG: ran git reset --hard dff675766d92b2d1515d214529db31dc803073ef in 
DEBUG: LC_ALL=C JX_LOG_LEVEL=error git clean -fd .
DEBUG: ran clean --force -d . in 
DEBUG: LC_ALL=C JX_LOG_LEVEL=error git merge 09d8863baf3393a427c2e54c89676bdb2d5299e9
DEBUG: ran git merge 09d8863baf3393a427c2e54c89676bdb2d5299e9 in 
DEBUG: LC_ALL=C JX_LOG_LEVEL=error git log --format=%H%x1f%an%x1f%ae%x1f%cn%x1f%ce%x1f%s%n%b%x1e dff675766d92b2d1515d214529db31dc803073ef..HEAD
Merged SHA bf2e01c6bdff1c12311a2fdee71dc5c8db7ccf59 with commit message 'Merge commit '09d8863baf3393a427c2e54c89676bdb2d5299e9'' into base branch master
Merged SHA 09d8863baf3393a427c2e54c89676bdb2d5299e9 with commit message 'Ajuste linea 18, error expected '-'' into base branch master

Showing logs for build [32mmeta-rafaelrliscano-microservic-l5kgc-1[0m stage [32mmeta-pipeline[0m and container [32mstep-merge-pull-refs[0m
DEBUG: LC_ALL=C JX_LOG_LEVEL=error git fetch origin --unshallow 09d8863baf3393a427c2e54c89676bdb2d5299e9: dff675766d92b2d1515d214529db31dc803073ef:
DEBUG: LC_ALL=C JX_LOG_LEVEL=error git fetch origin 09d8863baf3393a427c2e54c89676bdb2d5299e9: dff675766d92b2d1515d214529db31dc803073ef:
DEBUG: ran git fetch origin 09d8863baf3393a427c2e54c89676bdb2d5299e9: dff675766d92b2d1515d214529db31dc803073ef: in 
DEBUG: JX_LOG_LEVEL=error LC_ALL=C git rev-parse --is-shallow-repository
DEBUG: Unshallowed git repo in 
DEBUG: LC_ALL=C JX_LOG_LEVEL=error git branch
DEBUG: LC_ALL=C JX_LOG_LEVEL=error git checkout master
DEBUG: ran git checkout master in 
DEBUG: LC_ALL=C JX_LOG_LEVEL=error git reset --hard dff675766d92b2d1515d214529db31dc803073ef
DEBUG: ran git reset --hard dff675766d92b2d1515d214529db31dc803073ef in 
DEBUG: LC_ALL=C JX_LOG_LEVEL=error git clean -fd .
DEBUG: ran clean --force -d . in 
DEBUG: LC_ALL=C JX_LOG_LEVEL=error git merge 09d8863baf3393a427c2e54c89676bdb2d5299e9
DEBUG: ran git merge 09d8863baf3393a427c2e54c89676bdb2d5299e9 in 
DEBUG: LC_ALL=C JX_LOG_LEVEL=error git log --format=%H%x1f%an%x1f%ae%x1f%cn%x1f%ce%x1f%s%n%b%x1e dff675766d92b2d1515d214529db31dc803073ef..HEAD
Merged SHA 615d086a99102b2758053b1385d3a733152a8053 with commit message 'Merge commit '09d8863baf3393a427c2e54c89676bdb2d5299e9'' into base branch master
Merged SHA 09d8863baf3393a427c2e54c89676bdb2d5299e9 with commit message 'Ajuste linea 18, error expected '-'' into base branch master

Showing logs for build [32mmeta-rafaelrliscano-microservic-l5kgc-1[0m stage [32mmeta-pipeline[0m and container [32mstep-create-effective-pipeline[0m
error: failed to load project config in dir /workspace/source: Validation failures in YAML file /workspace/source/jenkins-x.yml:
pipelineConfig.pipelines.release.pipeline.stages.1.options: Additional property steps is not allowed
pipelineConfig.pipelines.release.pipeline.stages.2.options: Additional property steps is not allowed
[31m
Pipeline failed on stage 'meta-pipeline' : container 'step-create-effective-pipeline'. The execution of the pipeline has stopped.[0m
