
Showing logs for build [32mmeta-rafaelrliscano-microservic-ffl8c-1[0m stage [32mmeta-pipeline[0m and container [32mcredential-initializer[0m
{"level":"info","ts":1596506559.3471665,"caller":"creds-init/main.go:44","msg":"Credentials initialized."}

Showing logs for build [32mmeta-rafaelrliscano-microservic-ffl8c-1[0m stage [32mmeta-pipeline[0m and container [32mworking-dir-initializer[0m

Showing logs for build [32mmeta-rafaelrliscano-microservic-ffl8c-1[0m stage [32mmeta-pipeline[0m and container [32mplace-tools[0m

Showing logs for build [32mmeta-rafaelrliscano-microservic-ffl8c-1[0m stage [32mmeta-pipeline[0m and container [32mstep-git-source-meta-rafaelrliscano-microservic-ffl8c-xcsv2[0m
{"level":"info","ts":1596506566.868105,"caller":"git/git.go:105","msg":"Successfully cloned https://github.com/**************/microservicedates.git @ 755be0c8d644b39c359e0a9ea340031be43b9639 in path /workspace/source"}
{"level":"warn","ts":1596506566.8682685,"caller":"git/git.go:152","msg":"Unexpected error: creating symlink: symlink /tekton/home/.ssh /root/.ssh: file exists"}
{"level":"info","ts":1596506566.90743,"caller":"git/git.go:133","msg":"Successfully initialized and updated submodules in path /workspace/source"}

Showing logs for build [32mmeta-rafaelrliscano-microservic-ffl8c-1[0m stage [32mmeta-pipeline[0m and container [32mstep-setup-builder-home[0m

Showing logs for build [32mmeta-rafaelrliscano-microservic-ffl8c-1[0m stage [32mmeta-pipeline[0m and container [32mstep-git-merge[0m
Using SHAs from PULL_REFS=master:755be0c8d644b39c359e0a9ea340031be43b9639,16:5d5e1141d30250c384a0bec51b169d0348df79d4
DEBUG: LC_ALL=C JX_LOG_LEVEL=error git fetch origin --unshallow 5d5e1141d30250c384a0bec51b169d0348df79d4: 755be0c8d644b39c359e0a9ea340031be43b9639:
DEBUG: ran git fetch --unshallow origin 5d5e1141d30250c384a0bec51b169d0348df79d4: 755be0c8d644b39c359e0a9ea340031be43b9639: in 
DEBUG: LC_ALL=C JX_LOG_LEVEL=error git branch
DEBUG: LC_ALL=C JX_LOG_LEVEL=error git checkout master
DEBUG: ran git checkout master in 
DEBUG: LC_ALL=C JX_LOG_LEVEL=error git reset --hard 755be0c8d644b39c359e0a9ea340031be43b9639
DEBUG: ran git reset --hard 755be0c8d644b39c359e0a9ea340031be43b9639 in 
DEBUG: LC_ALL=C JX_LOG_LEVEL=error git clean -fd .
DEBUG: ran clean --force -d . in 
DEBUG: LC_ALL=C JX_LOG_LEVEL=error git merge 5d5e1141d30250c384a0bec51b169d0348df79d4
DEBUG: ran git merge 5d5e1141d30250c384a0bec51b169d0348df79d4 in 
DEBUG: LC_ALL=C JX_LOG_LEVEL=error git log --format=%H%x1f%an%x1f%ae%x1f%cn%x1f%ce%x1f%s%n%b%x1e 755be0c8d644b39c359e0a9ea340031be43b9639..HEAD
Merged SHA 37cfdbee7f8b3c0e8f119ca8535abe2af01f12a8 with commit message 'Merge commit '5d5e1141d30250c384a0bec51b169d0348df79d4'' into base branch master
Merged SHA 5d5e1141d30250c384a0bec51b169d0348df79d4 with commit message 'ajuste - pipeline' into base branch master

Showing logs for build [32mmeta-rafaelrliscano-microservic-ffl8c-1[0m stage [32mmeta-pipeline[0m and container [32mstep-merge-pull-refs[0m
DEBUG: LC_ALL=C JX_LOG_LEVEL=error git fetch origin --unshallow 5d5e1141d30250c384a0bec51b169d0348df79d4: 755be0c8d644b39c359e0a9ea340031be43b9639:
DEBUG: LC_ALL=C JX_LOG_LEVEL=error git fetch origin 5d5e1141d30250c384a0bec51b169d0348df79d4: 755be0c8d644b39c359e0a9ea340031be43b9639:
DEBUG: ran git fetch origin 5d5e1141d30250c384a0bec51b169d0348df79d4: 755be0c8d644b39c359e0a9ea340031be43b9639: in 
DEBUG: LC_ALL=C JX_LOG_LEVEL=error git rev-parse --is-shallow-repository
DEBUG: Unshallowed git repo in 
DEBUG: LC_ALL=C JX_LOG_LEVEL=error git branch
DEBUG: LC_ALL=C JX_LOG_LEVEL=error git checkout master
DEBUG: ran git checkout master in 
DEBUG: LC_ALL=C JX_LOG_LEVEL=error git reset --hard 755be0c8d644b39c359e0a9ea340031be43b9639
DEBUG: ran git reset --hard 755be0c8d644b39c359e0a9ea340031be43b9639 in 
DEBUG: JX_LOG_LEVEL=error LC_ALL=C git clean -fd .
DEBUG: ran clean --force -d . in 
DEBUG: LC_ALL=C JX_LOG_LEVEL=error git merge 5d5e1141d30250c384a0bec51b169d0348df79d4
DEBUG: ran git merge 5d5e1141d30250c384a0bec51b169d0348df79d4 in 
DEBUG: LC_ALL=C JX_LOG_LEVEL=error git log --format=%H%x1f%an%x1f%ae%x1f%cn%x1f%ce%x1f%s%n%b%x1e 755be0c8d644b39c359e0a9ea340031be43b9639..HEAD
Merged SHA ce267da4ea639a5b0a95c70122db76955220665c with commit message 'Merge commit '5d5e1141d30250c384a0bec51b169d0348df79d4'' into base branch master
Merged SHA 5d5e1141d30250c384a0bec51b169d0348df79d4 with commit message 'ajuste - pipeline' into base branch master

Showing logs for build [32mmeta-rafaelrliscano-microservic-ffl8c-1[0m stage [32mmeta-pipeline[0m and container [32mstep-create-effective-pipeline[0m
error: failed to load project config in dir /workspace/source: Validation failures in YAML file /workspace/source/jenkins-x.yml:
pipelineConfig.pipelines.release.promote: Additional property agent is not allowed
pipelineConfig.pipelines.release.promote: Additional property environment is not allowed
pipelineConfig.pipelines.release.promote: Additional property options is not allowed
pipelineConfig.pipelines.release.promote: Additional property stages is not allowed
[31m
Pipeline failed on stage 'meta-pipeline' : container 'step-create-effective-pipeline'. The execution of the pipeline has stopped.[0m
