
Showing logs for build [32mmeta-rafaelrliscano-microservic-6qfp4-1[0m stage [32mmeta-pipeline[0m and container [32mcredential-initializer[0m
{"level":"info","ts":1596152032.8176115,"caller":"creds-init/main.go:44","msg":"Credentials initialized."}

Showing logs for build [32mmeta-rafaelrliscano-microservic-6qfp4-1[0m stage [32mmeta-pipeline[0m and container [32mworking-dir-initializer[0m

Showing logs for build [32mmeta-rafaelrliscano-microservic-6qfp4-1[0m stage [32mmeta-pipeline[0m and container [32mplace-tools[0m

Showing logs for build [32mmeta-rafaelrliscano-microservic-6qfp4-1[0m stage [32mmeta-pipeline[0m and container [32mstep-git-source-meta-rafaelrliscano-microservic-6qfp4-znv7m[0m
{"level":"info","ts":1596152039.5353308,"caller":"git/git.go:105","msg":"Successfully cloned https://github.com/**************/microservicedates.git @ 75a7acf0e5e13659462d70211084ad49c6ea5492 in path /workspace/source"}
{"level":"warn","ts":1596152039.5357904,"caller":"git/git.go:152","msg":"Unexpected error: creating symlink: symlink /tekton/home/.ssh /root/.ssh: file exists"}
{"level":"info","ts":1596152039.5773783,"caller":"git/git.go:133","msg":"Successfully initialized and updated submodules in path /workspace/source"}

Showing logs for build [32mmeta-rafaelrliscano-microservic-6qfp4-1[0m stage [32mmeta-pipeline[0m and container [32mstep-setup-builder-home[0m

Showing logs for build [32mmeta-rafaelrliscano-microservic-6qfp4-1[0m stage [32mmeta-pipeline[0m and container [32mstep-git-merge[0m
Using SHAs from PULL_REFS=master:75a7acf0e5e13659462d70211084ad49c6ea5492,1:21d690571260802501b8d65e1e3026822eff535e
DEBUG: LC_ALL=C JX_LOG_LEVEL=error git fetch origin --unshallow 21d690571260802501b8d65e1e3026822eff535e: 75a7acf0e5e13659462d70211084ad49c6ea5492:
DEBUG: ran git fetch --unshallow origin 21d690571260802501b8d65e1e3026822eff535e: 75a7acf0e5e13659462d70211084ad49c6ea5492: in 
DEBUG: JX_LOG_LEVEL=error LC_ALL=C git branch
DEBUG: LC_ALL=C JX_LOG_LEVEL=error git checkout master
DEBUG: ran git checkout master in 
DEBUG: LC_ALL=C JX_LOG_LEVEL=error git reset --hard 75a7acf0e5e13659462d70211084ad49c6ea5492
DEBUG: ran git reset --hard 75a7acf0e5e13659462d70211084ad49c6ea5492 in 
DEBUG: LC_ALL=C JX_LOG_LEVEL=error git clean -fd .
DEBUG: ran clean --force -d . in 
DEBUG: JX_LOG_LEVEL=error LC_ALL=C git merge 21d690571260802501b8d65e1e3026822eff535e
DEBUG: ran git merge 21d690571260802501b8d65e1e3026822eff535e in 
DEBUG: LC_ALL=C JX_LOG_LEVEL=error git log --format=%H%x1f%an%x1f%ae%x1f%cn%x1f%ce%x1f%s%n%b%x1e 75a7acf0e5e13659462d70211084ad49c6ea5492..HEAD
Merged SHA 21d690571260802501b8d65e1e3026822eff535e with commit message 'ajuste pipeline url' into base branch master

Showing logs for build [32mmeta-rafaelrliscano-microservic-6qfp4-1[0m stage [32mmeta-pipeline[0m and container [32mstep-merge-pull-refs[0m
DEBUG: LC_ALL=C JX_LOG_LEVEL=error git fetch origin --unshallow 21d690571260802501b8d65e1e3026822eff535e: 75a7acf0e5e13659462d70211084ad49c6ea5492:
DEBUG: LC_ALL=C JX_LOG_LEVEL=error git fetch origin 21d690571260802501b8d65e1e3026822eff535e: 75a7acf0e5e13659462d70211084ad49c6ea5492:
DEBUG: ran git fetch origin 21d690571260802501b8d65e1e3026822eff535e: 75a7acf0e5e13659462d70211084ad49c6ea5492: in 
DEBUG: LC_ALL=C JX_LOG_LEVEL=error git rev-parse --is-shallow-repository
DEBUG: Unshallowed git repo in 
DEBUG: JX_LOG_LEVEL=error LC_ALL=C git branch
DEBUG: LC_ALL=C JX_LOG_LEVEL=error git checkout master
DEBUG: ran git checkout master in 
DEBUG: LC_ALL=C JX_LOG_LEVEL=error git reset --hard 75a7acf0e5e13659462d70211084ad49c6ea5492
DEBUG: ran git reset --hard 75a7acf0e5e13659462d70211084ad49c6ea5492 in 
DEBUG: LC_ALL=C JX_LOG_LEVEL=error git clean -fd .
DEBUG: ran clean --force -d . in 
DEBUG: LC_ALL=C JX_LOG_LEVEL=error git merge 21d690571260802501b8d65e1e3026822eff535e
DEBUG: ran git merge 21d690571260802501b8d65e1e3026822eff535e in 
DEBUG: LC_ALL=C JX_LOG_LEVEL=error git log --format=%H%x1f%an%x1f%ae%x1f%cn%x1f%ce%x1f%s%n%b%x1e 75a7acf0e5e13659462d70211084ad49c6ea5492..HEAD
Merged SHA 21d690571260802501b8d65e1e3026822eff535e with commit message 'ajuste pipeline url' into base branch master

Showing logs for build [32mmeta-rafaelrliscano-microservic-6qfp4-1[0m stage [32mmeta-pipeline[0m and container [32mstep-create-effective-pipeline[0m
error: failed to load project config in dir /workspace/source: failed to validate YAML file /workspace/source/jenkins-x.yml due to yaml: line 18: did not find expected '-' indicator
[31m
Pipeline failed on stage 'meta-pipeline' : container 'step-create-effective-pipeline'. The execution of the pipeline has stopped.[0m
