
Showing logs for build [32mmeta-rafaelrliscano-microservic-qq69s-1[0m stage [32mmeta-pipeline[0m and container [32mcredential-initializer[0m
{"level":"info","ts":1596505052.8837655,"caller":"creds-init/main.go:44","msg":"Credentials initialized."}

Showing logs for build [32mmeta-rafaelrliscano-microservic-qq69s-1[0m stage [32mmeta-pipeline[0m and container [32mworking-dir-initializer[0m

Showing logs for build [32mmeta-rafaelrliscano-microservic-qq69s-1[0m stage [32mmeta-pipeline[0m and container [32mplace-tools[0m

Showing logs for build [32mmeta-rafaelrliscano-microservic-qq69s-1[0m stage [32mmeta-pipeline[0m and container [32mstep-git-source-meta-rafaelrliscano-microservic-qq69s-gm2jp[0m
{"level":"info","ts":1596505060.5280359,"caller":"git/git.go:105","msg":"Successfully cloned https://github.com/**************/microservicedates.git @ e427e250ac88ba105d323d1f3b58d7858a26f94b in path /workspace/source"}
{"level":"warn","ts":1596505060.528152,"caller":"git/git.go:152","msg":"Unexpected error: creating symlink: symlink /tekton/home/.ssh /root/.ssh: file exists"}
{"level":"info","ts":1596505060.5640545,"caller":"git/git.go:133","msg":"Successfully initialized and updated submodules in path /workspace/source"}

Showing logs for build [32mmeta-rafaelrliscano-microservic-qq69s-1[0m stage [32mmeta-pipeline[0m and container [32mstep-setup-builder-home[0m

Showing logs for build [32mmeta-rafaelrliscano-microservic-qq69s-1[0m stage [32mmeta-pipeline[0m and container [32mstep-git-merge[0m
Using SHAs from PULL_REFS=master:e427e250ac88ba105d323d1f3b58d7858a26f94b,14:9c2e6fc9e19bec9d6cb35e1e3cf6c57912bc5e08
DEBUG: LC_ALL=C JX_LOG_LEVEL=error git fetch origin --unshallow 9c2e6fc9e19bec9d6cb35e1e3cf6c57912bc5e08: e427e250ac88ba105d323d1f3b58d7858a26f94b:
DEBUG: ran git fetch --unshallow origin 9c2e6fc9e19bec9d6cb35e1e3cf6c57912bc5e08: e427e250ac88ba105d323d1f3b58d7858a26f94b: in 
DEBUG: JX_LOG_LEVEL=error LC_ALL=C git branch
DEBUG: JX_LOG_LEVEL=error LC_ALL=C git checkout master
DEBUG: ran git checkout master in 
DEBUG: LC_ALL=C JX_LOG_LEVEL=error git reset --hard e427e250ac88ba105d323d1f3b58d7858a26f94b
DEBUG: ran git reset --hard e427e250ac88ba105d323d1f3b58d7858a26f94b in 
DEBUG: LC_ALL=C JX_LOG_LEVEL=error git clean -fd .
DEBUG: ran clean --force -d . in 
DEBUG: LC_ALL=C JX_LOG_LEVEL=error git merge 9c2e6fc9e19bec9d6cb35e1e3cf6c57912bc5e08
DEBUG: ran git merge 9c2e6fc9e19bec9d6cb35e1e3cf6c57912bc5e08 in 
DEBUG: JX_LOG_LEVEL=error LC_ALL=C git log --format=%H%x1f%an%x1f%ae%x1f%cn%x1f%ce%x1f%s%n%b%x1e e427e250ac88ba105d323d1f3b58d7858a26f94b..HEAD
Merged SHA a9659d2c220db1bc5832125e2ea1b89c5d7c7ea9 with commit message 'Merge commit '9c2e6fc9e19bec9d6cb35e1e3cf6c57912bc5e08'' into base branch master
Merged SHA 9c2e6fc9e19bec9d6cb35e1e3cf6c57912bc5e08 with commit message 'Cambio a release' into base branch master

Showing logs for build [32mmeta-rafaelrliscano-microservic-qq69s-1[0m stage [32mmeta-pipeline[0m and container [32mstep-merge-pull-refs[0m
DEBUG: LC_ALL=C JX_LOG_LEVEL=error git fetch origin --unshallow 9c2e6fc9e19bec9d6cb35e1e3cf6c57912bc5e08: e427e250ac88ba105d323d1f3b58d7858a26f94b:
DEBUG: JX_LOG_LEVEL=error LC_ALL=C git fetch origin 9c2e6fc9e19bec9d6cb35e1e3cf6c57912bc5e08: e427e250ac88ba105d323d1f3b58d7858a26f94b:
DEBUG: ran git fetch origin 9c2e6fc9e19bec9d6cb35e1e3cf6c57912bc5e08: e427e250ac88ba105d323d1f3b58d7858a26f94b: in 
DEBUG: LC_ALL=C JX_LOG_LEVEL=error git rev-parse --is-shallow-repository
DEBUG: Unshallowed git repo in 
DEBUG: LC_ALL=C JX_LOG_LEVEL=error git branch
DEBUG: LC_ALL=C JX_LOG_LEVEL=error git checkout master
DEBUG: ran git checkout master in 
DEBUG: LC_ALL=C JX_LOG_LEVEL=error git reset --hard e427e250ac88ba105d323d1f3b58d7858a26f94b
DEBUG: ran git reset --hard e427e250ac88ba105d323d1f3b58d7858a26f94b in 
DEBUG: LC_ALL=C JX_LOG_LEVEL=error git clean -fd .
DEBUG: ran clean --force -d . in 
DEBUG: LC_ALL=C JX_LOG_LEVEL=error git merge 9c2e6fc9e19bec9d6cb35e1e3cf6c57912bc5e08
DEBUG: ran git merge 9c2e6fc9e19bec9d6cb35e1e3cf6c57912bc5e08 in 
DEBUG: LC_ALL=C JX_LOG_LEVEL=error git log --format=%H%x1f%an%x1f%ae%x1f%cn%x1f%ce%x1f%s%n%b%x1e e427e250ac88ba105d323d1f3b58d7858a26f94b..HEAD
Merged SHA 7af26b35693bf624515502cdaa249c0379fdf196 with commit message 'Merge commit '9c2e6fc9e19bec9d6cb35e1e3cf6c57912bc5e08'' into base branch master
Merged SHA 9c2e6fc9e19bec9d6cb35e1e3cf6c57912bc5e08 with commit message 'Cambio a release' into base branch master

Showing logs for build [32mmeta-rafaelrliscano-microservic-qq69s-1[0m stage [32mmeta-pipeline[0m and container [32mstep-create-effective-pipeline[0m
Effective pipeline written to jenkins-x-pr-build-effective.yml

Showing logs for build [32mmeta-rafaelrliscano-microservic-qq69s-1[0m stage [32mmeta-pipeline[0m and container [32mstep-create-tekton-crds[0m
error: failed to generate Tekton CRDs: unable to extract the requested pipeline: no pipeline defined for kind pullrequest
[31m
Pipeline failed on stage 'meta-pipeline' : container 'step-create-tekton-crds'. The execution of the pipeline has stopped.[0m
