
Showing logs for build [32mmeta-rafaelrliscano-microservic-z2v6f-1[0m stage [32mmeta-pipeline[0m and container [32mcredential-initializer[0m
{"level":"info","ts":1596493244.6486247,"caller":"creds-init/main.go:44","msg":"Credentials initialized."}

Showing logs for build [32mmeta-rafaelrliscano-microservic-z2v6f-1[0m stage [32mmeta-pipeline[0m and container [32mworking-dir-initializer[0m

Showing logs for build [32mmeta-rafaelrliscano-microservic-z2v6f-1[0m stage [32mmeta-pipeline[0m and container [32mplace-tools[0m

Showing logs for build [32mmeta-rafaelrliscano-microservic-z2v6f-1[0m stage [32mmeta-pipeline[0m and container [32mstep-git-source-meta-rafaelrliscano-microservic-z2v6f-fs4m4[0m
{"level":"info","ts":1596493266.5105317,"caller":"git/git.go:105","msg":"Successfully cloned https://github.com/**************/microservicedates.git @ 973797e59b3527035f6037e422f528d0a6dc7e96 in path /workspace/source"}
{"level":"warn","ts":1596493266.510654,"caller":"git/git.go:152","msg":"Unexpected error: creating symlink: symlink /tekton/home/.ssh /root/.ssh: file exists"}
{"level":"info","ts":1596493266.5491571,"caller":"git/git.go:133","msg":"Successfully initialized and updated submodules in path /workspace/source"}

Showing logs for build [32mmeta-rafaelrliscano-microservic-z2v6f-1[0m stage [32mmeta-pipeline[0m and container [32mstep-setup-builder-home[0m

Showing logs for build [32mmeta-rafaelrliscano-microservic-z2v6f-1[0m stage [32mmeta-pipeline[0m and container [32mstep-git-merge[0m
Using SHAs from PULL_REFS=master:973797e59b3527035f6037e422f528d0a6dc7e96,7:6f7123824551e9886bfc2cfab69a943d88595223
DEBUG: LC_ALL=C JX_LOG_LEVEL=error git fetch origin --unshallow 6f7123824551e9886bfc2cfab69a943d88595223: 973797e59b3527035f6037e422f528d0a6dc7e96:
DEBUG: ran git fetch --unshallow origin 6f7123824551e9886bfc2cfab69a943d88595223: 973797e59b3527035f6037e422f528d0a6dc7e96: in 
DEBUG: LC_ALL=C JX_LOG_LEVEL=error git branch
DEBUG: LC_ALL=C JX_LOG_LEVEL=error git checkout master
DEBUG: ran git checkout master in 
DEBUG: LC_ALL=C JX_LOG_LEVEL=error git reset --hard 973797e59b3527035f6037e422f528d0a6dc7e96
DEBUG: ran git reset --hard 973797e59b3527035f6037e422f528d0a6dc7e96 in 
DEBUG: LC_ALL=C JX_LOG_LEVEL=error git clean -fd .
DEBUG: ran clean --force -d . in 
DEBUG: LC_ALL=C JX_LOG_LEVEL=error git merge 6f7123824551e9886bfc2cfab69a943d88595223
DEBUG: ran git merge 6f7123824551e9886bfc2cfab69a943d88595223 in 
DEBUG: LC_ALL=C JX_LOG_LEVEL=error git log --format=%H%x1f%an%x1f%ae%x1f%cn%x1f%ce%x1f%s%n%b%x1e 973797e59b3527035f6037e422f528d0a6dc7e96..HEAD
Merged SHA 0ab207f7deea672d75f9c95870e9c36e3de2629a with commit message 'Merge commit '6f7123824551e9886bfc2cfab69a943d88595223'' into base branch master
Merged SHA 6f7123824551e9886bfc2cfab69a943d88595223 with commit message 'ajuste pipeline 00' into base branch master
Merged SHA 723049c8c23173c6e56dd3074b961b877e938f88 with commit message 'ajuste pipeline' into base branch master

Showing logs for build [32mmeta-rafaelrliscano-microservic-z2v6f-1[0m stage [32mmeta-pipeline[0m and container [32mstep-merge-pull-refs[0m
DEBUG: LC_ALL=C JX_LOG_LEVEL=error git fetch origin --unshallow 6f7123824551e9886bfc2cfab69a943d88595223: 973797e59b3527035f6037e422f528d0a6dc7e96:
DEBUG: LC_ALL=C JX_LOG_LEVEL=error git fetch origin 6f7123824551e9886bfc2cfab69a943d88595223: 973797e59b3527035f6037e422f528d0a6dc7e96:
DEBUG: ran git fetch origin 6f7123824551e9886bfc2cfab69a943d88595223: 973797e59b3527035f6037e422f528d0a6dc7e96: in 
DEBUG: JX_LOG_LEVEL=error LC_ALL=C git rev-parse --is-shallow-repository
DEBUG: Unshallowed git repo in 
DEBUG: LC_ALL=C JX_LOG_LEVEL=error git branch
DEBUG: LC_ALL=C JX_LOG_LEVEL=error git checkout master
DEBUG: ran git checkout master in 
DEBUG: LC_ALL=C JX_LOG_LEVEL=error git reset --hard 973797e59b3527035f6037e422f528d0a6dc7e96
DEBUG: ran git reset --hard 973797e59b3527035f6037e422f528d0a6dc7e96 in 
DEBUG: JX_LOG_LEVEL=error LC_ALL=C git clean -fd .
DEBUG: ran clean --force -d . in 
DEBUG: LC_ALL=C JX_LOG_LEVEL=error git merge 6f7123824551e9886bfc2cfab69a943d88595223
DEBUG: ran git merge 6f7123824551e9886bfc2cfab69a943d88595223 in 
DEBUG: LC_ALL=C JX_LOG_LEVEL=error git log --format=%H%x1f%an%x1f%ae%x1f%cn%x1f%ce%x1f%s%n%b%x1e 973797e59b3527035f6037e422f528d0a6dc7e96..HEAD
Merged SHA 0ab207f7deea672d75f9c95870e9c36e3de2629a with commit message 'Merge commit '6f7123824551e9886bfc2cfab69a943d88595223'' into base branch master
Merged SHA 6f7123824551e9886bfc2cfab69a943d88595223 with commit message 'ajuste pipeline 00' into base branch master
Merged SHA 723049c8c23173c6e56dd3074b961b877e938f88 with commit message 'ajuste pipeline' into base branch master

Showing logs for build [32mmeta-rafaelrliscano-microservic-z2v6f-1[0m stage [32mmeta-pipeline[0m and container [32mstep-create-effective-pipeline[0m
Effective pipeline written to jenkins-x-pr-build-effective.yml

Showing logs for build [32mmeta-rafaelrliscano-microservic-z2v6f-1[0m stage [32mmeta-pipeline[0m and container [32mstep-create-tekton-crds[0m
error: failed to generate Tekton CRDs: unable to extract the requested pipeline: no pipeline defined for kind pullrequest
[31m
Pipeline failed on stage 'meta-pipeline' : container 'step-create-tekton-crds'. The execution of the pipeline has stopped.[0m
