
Showing logs for build [32mmeta-rafaelrliscano-microservic-nshff-1[0m stage [32mmeta-pipeline[0m and container [32mcredential-initializer[0m
{"level":"info","ts":1596507027.3658385,"caller":"creds-init/main.go:44","msg":"Credentials initialized."}

Showing logs for build [32mmeta-rafaelrliscano-microservic-nshff-1[0m stage [32mmeta-pipeline[0m and container [32mworking-dir-initializer[0m

Showing logs for build [32mmeta-rafaelrliscano-microservic-nshff-1[0m stage [32mmeta-pipeline[0m and container [32mplace-tools[0m

Showing logs for build [32mmeta-rafaelrliscano-microservic-nshff-1[0m stage [32mmeta-pipeline[0m and container [32mstep-git-source-meta-rafaelrliscano-microservic-nshff-pnm9j[0m
{"level":"info","ts":1596507034.857733,"caller":"git/git.go:105","msg":"Successfully cloned https://github.com/**************/microservicedates.git @ 3c5bd4989d7fb5d13361c1929f0ba11024c43470 in path /workspace/source"}
{"level":"warn","ts":1596507034.8580413,"caller":"git/git.go:152","msg":"Unexpected error: creating symlink: symlink /tekton/home/.ssh /root/.ssh: file exists"}
{"level":"info","ts":1596507034.8949335,"caller":"git/git.go:133","msg":"Successfully initialized and updated submodules in path /workspace/source"}

Showing logs for build [32mmeta-rafaelrliscano-microservic-nshff-1[0m stage [32mmeta-pipeline[0m and container [32mstep-setup-builder-home[0m

Showing logs for build [32mmeta-rafaelrliscano-microservic-nshff-1[0m stage [32mmeta-pipeline[0m and container [32mstep-git-merge[0m
Using SHAs from PULL_REFS=master:3c5bd4989d7fb5d13361c1929f0ba11024c43470,17:d534b31765730d30ddbd1fdd1947c13b550db351
DEBUG: LC_ALL=C JX_LOG_LEVEL=error git fetch origin --unshallow d534b31765730d30ddbd1fdd1947c13b550db351: 3c5bd4989d7fb5d13361c1929f0ba11024c43470:
DEBUG: ran git fetch --unshallow origin d534b31765730d30ddbd1fdd1947c13b550db351: 3c5bd4989d7fb5d13361c1929f0ba11024c43470: in 
DEBUG: JX_LOG_LEVEL=error LC_ALL=C git branch
DEBUG: LC_ALL=C JX_LOG_LEVEL=error git checkout master
DEBUG: ran git checkout master in 
DEBUG: LC_ALL=C JX_LOG_LEVEL=error git reset --hard 3c5bd4989d7fb5d13361c1929f0ba11024c43470
DEBUG: ran git reset --hard 3c5bd4989d7fb5d13361c1929f0ba11024c43470 in 
DEBUG: LC_ALL=C JX_LOG_LEVEL=error git clean -fd .
DEBUG: ran clean --force -d . in 
DEBUG: LC_ALL=C JX_LOG_LEVEL=error git merge d534b31765730d30ddbd1fdd1947c13b550db351
DEBUG: ran git merge d534b31765730d30ddbd1fdd1947c13b550db351 in 
DEBUG: LC_ALL=C JX_LOG_LEVEL=error git log --format=%H%x1f%an%x1f%ae%x1f%cn%x1f%ce%x1f%s%n%b%x1e 3c5bd4989d7fb5d13361c1929f0ba11024c43470..HEAD
Merged SHA 51be2d570e8374ac0ecd55de41beed87d7126458 with commit message 'Merge commit 'd534b31765730d30ddbd1fdd1947c13b550db351'' into base branch master
Merged SHA d534b31765730d30ddbd1fdd1947c13b550db351 with commit message 'Ajuste' into base branch master

Showing logs for build [32mmeta-rafaelrliscano-microservic-nshff-1[0m stage [32mmeta-pipeline[0m and container [32mstep-merge-pull-refs[0m
DEBUG: LC_ALL=C JX_LOG_LEVEL=error git fetch origin --unshallow d534b31765730d30ddbd1fdd1947c13b550db351: 3c5bd4989d7fb5d13361c1929f0ba11024c43470:
DEBUG: LC_ALL=C JX_LOG_LEVEL=error git fetch origin d534b31765730d30ddbd1fdd1947c13b550db351: 3c5bd4989d7fb5d13361c1929f0ba11024c43470:
DEBUG: ran git fetch origin d534b31765730d30ddbd1fdd1947c13b550db351: 3c5bd4989d7fb5d13361c1929f0ba11024c43470: in 
DEBUG: LC_ALL=C JX_LOG_LEVEL=error git rev-parse --is-shallow-repository
DEBUG: Unshallowed git repo in 
DEBUG: LC_ALL=C JX_LOG_LEVEL=error git branch
DEBUG: LC_ALL=C JX_LOG_LEVEL=error git checkout master
DEBUG: ran git checkout master in 
DEBUG: LC_ALL=C JX_LOG_LEVEL=error git reset --hard 3c5bd4989d7fb5d13361c1929f0ba11024c43470
DEBUG: ran git reset --hard 3c5bd4989d7fb5d13361c1929f0ba11024c43470 in 
DEBUG: LC_ALL=C JX_LOG_LEVEL=error git clean -fd .
DEBUG: ran clean --force -d . in 
DEBUG: LC_ALL=C JX_LOG_LEVEL=error git merge d534b31765730d30ddbd1fdd1947c13b550db351
DEBUG: ran git merge d534b31765730d30ddbd1fdd1947c13b550db351 in 
DEBUG: LC_ALL=C JX_LOG_LEVEL=error git log --format=%H%x1f%an%x1f%ae%x1f%cn%x1f%ce%x1f%s%n%b%x1e 3c5bd4989d7fb5d13361c1929f0ba11024c43470..HEAD
Merged SHA 0dd150436c5471fe3e49bad45b87245264b73616 with commit message 'Merge commit 'd534b31765730d30ddbd1fdd1947c13b550db351'' into base branch master
Merged SHA d534b31765730d30ddbd1fdd1947c13b550db351 with commit message 'Ajuste' into base branch master

Showing logs for build [32mmeta-rafaelrliscano-microservic-nshff-1[0m stage [32mmeta-pipeline[0m and container [32mstep-create-effective-pipeline[0m
error: failed to load project config in dir /workspace/source: Validation failures in YAML file /workspace/source/jenkins-x.yml:
pipelineConfig.pipelines.release: Additional property agent is not allowed
pipelineConfig.pipelines.release: Additional property environment is not allowed
pipelineConfig.pipelines.release: Additional property options is not allowed
pipelineConfig.pipelines.release: Additional property stages is not allowed
[31m
Pipeline failed on stage 'meta-pipeline' : container 'step-create-effective-pipeline'. The execution of the pipeline has stopped.[0m
