
Showing logs for build [32mmeta-rafaelrliscano-microservic-6ctqg-20[0m stage [32mmeta-pipeline[0m and container [32mcredential-initializer[0m
{"level":"info","ts":1596504867.5544956,"caller":"creds-init/main.go:44","msg":"Credentials initialized."}

Showing logs for build [32mmeta-rafaelrliscano-microservic-6ctqg-20[0m stage [32mmeta-pipeline[0m and container [32mworking-dir-initializer[0m

Showing logs for build [32mmeta-rafaelrliscano-microservic-6ctqg-20[0m stage [32mmeta-pipeline[0m and container [32mplace-tools[0m

Showing logs for build [32mmeta-rafaelrliscano-microservic-6ctqg-20[0m stage [32mmeta-pipeline[0m and container [32mstep-git-source-meta-rafaelrliscano-microservic-6ctqg-n52f8[0m
{"level":"info","ts":1596504875.0312262,"caller":"git/git.go:105","msg":"Successfully cloned https://github.com/**************/microservicedates.git @ e427e250ac88ba105d323d1f3b58d7858a26f94b in path /workspace/source"}
{"level":"warn","ts":1596504875.0313447,"caller":"git/git.go:152","msg":"Unexpected error: creating symlink: symlink /tekton/home/.ssh /root/.ssh: file exists"}
{"level":"info","ts":1596504875.0870934,"caller":"git/git.go:133","msg":"Successfully initialized and updated submodules in path /workspace/source"}

Showing logs for build [32mmeta-rafaelrliscano-microservic-6ctqg-20[0m stage [32mmeta-pipeline[0m and container [32mstep-setup-builder-home[0m

Showing logs for build [32mmeta-rafaelrliscano-microservic-6ctqg-20[0m stage [32mmeta-pipeline[0m and container [32mstep-git-merge[0m
Using SHAs from PULL_REFS=master:e427e250ac88ba105d323d1f3b58d7858a26f94b
WARNING: no SHAs to merge, falling back to initial cloned commit

Showing logs for build [32mmeta-rafaelrliscano-microservic-6ctqg-20[0m stage [32mmeta-pipeline[0m and container [32mstep-merge-pull-refs[0m
SKIP merge-pull-refs: Nothing to merge

Showing logs for build [32mmeta-rafaelrliscano-microservic-6ctqg-20[0m stage [32mmeta-pipeline[0m and container [32mstep-create-effective-pipeline[0m
Effective pipeline written to jenkins-x-release-effective.yml

Showing logs for build [32mmeta-rafaelrliscano-microservic-6ctqg-20[0m stage [32mmeta-pipeline[0m and container [32mstep-create-tekton-crds[0m
error: failed to set the version on release pipelines: no Release pipeline available
[31m
Pipeline failed on stage 'meta-pipeline' : container 'step-create-tekton-crds'. The execution of the pipeline has stopped.[0m
