
Showing logs for build [32mmeta-rafaelrliscano-microservic-sjs82-24[0m stage [32mmeta-pipeline[0m and container [32mcredential-initializer[0m
{"level":"info","ts":1596507079.693126,"caller":"creds-init/main.go:44","msg":"Credentials initialized."}

Showing logs for build [32mmeta-rafaelrliscano-microservic-sjs82-24[0m stage [32mmeta-pipeline[0m and container [32mworking-dir-initializer[0m

Showing logs for build [32mmeta-rafaelrliscano-microservic-sjs82-24[0m stage [32mmeta-pipeline[0m and container [32mplace-tools[0m

Showing logs for build [32mmeta-rafaelrliscano-microservic-sjs82-24[0m stage [32mmeta-pipeline[0m and container [32mstep-git-source-meta-rafaelrliscano-microservic-sjs82-2zvm9[0m
{"level":"info","ts":1596507087.2629917,"caller":"git/git.go:105","msg":"Successfully cloned https://github.com/**************/microservicedates.git @ 9fa0daa8ed57c2bcb87c0a5f38725f480b944049 in path /workspace/source"}
{"level":"warn","ts":1596507087.2630763,"caller":"git/git.go:152","msg":"Unexpected error: creating symlink: symlink /tekton/home/.ssh /root/.ssh: file exists"}
{"level":"info","ts":1596507087.3000185,"caller":"git/git.go:133","msg":"Successfully initialized and updated submodules in path /workspace/source"}

Showing logs for build [32mmeta-rafaelrliscano-microservic-sjs82-24[0m stage [32mmeta-pipeline[0m and container [32mstep-setup-builder-home[0m

Showing logs for build [32mmeta-rafaelrliscano-microservic-sjs82-24[0m stage [32mmeta-pipeline[0m and container [32mstep-git-merge[0m
Using SHAs from PULL_REFS=master:9fa0daa8ed57c2bcb87c0a5f38725f480b944049
WARNING: no SHAs to merge, falling back to initial cloned commit

Showing logs for build [32mmeta-rafaelrliscano-microservic-sjs82-24[0m stage [32mmeta-pipeline[0m and container [32mstep-merge-pull-refs[0m
SKIP merge-pull-refs: Nothing to merge

Showing logs for build [32mmeta-rafaelrliscano-microservic-sjs82-24[0m stage [32mmeta-pipeline[0m and container [32mstep-create-effective-pipeline[0m
error: failed to load project config in dir /workspace/source: Validation failures in YAML file /workspace/source/jenkins-x.yml:
pipelineConfig.pipelines.release: Additional property agent is not allowed
pipelineConfig.pipelines.release: Additional property environment is not allowed
pipelineConfig.pipelines.release: Additional property options is not allowed
pipelineConfig.pipelines.release: Additional property stages is not allowed
[31m
Pipeline failed on stage 'meta-pipeline' : container 'step-create-effective-pipeline'. The execution of the pipeline has stopped.[0m
