
Showing logs for build [32mrafaelrliscano-microservicedate-p25lx-3[0m stage [32mfrom-build-pack[0m and container [32mcredential-initializer[0m
{"level":"info","ts":1596073841.7742229,"caller":"creds-init/main.go:44","msg":"Credentials initialized."}

Showing logs for build [32mrafaelrliscano-microservicedate-p25lx-3[0m stage [32mfrom-build-pack[0m and container [32mworking-dir-initializer[0m

Showing logs for build [32mrafaelrliscano-microservicedate-p25lx-3[0m stage [32mfrom-build-pack[0m and container [32mplace-tools[0m

Showing logs for build [32mrafaelrliscano-microservicedate-p25lx-3[0m stage [32mfrom-build-pack[0m and container [32mstep-git-source-rafaelrliscano-microservicedate-p25lx-7vqvn[0m
{"level":"info","ts":1596073848.7440047,"caller":"git/git.go:105","msg":"Successfully cloned https://github.com/**************/microservicedates.git @ v0.0.3 in path /workspace/source"}
{"level":"warn","ts":1596073848.7441168,"caller":"git/git.go:152","msg":"Unexpected error: creating symlink: symlink /tekton/home/.ssh /root/.ssh: file exists"}
{"level":"info","ts":1596073848.7844214,"caller":"git/git.go:133","msg":"Successfully initialized and updated submodules in path /workspace/source"}

Showing logs for build [32mrafaelrliscano-microservicedate-p25lx-3[0m stage [32mfrom-build-pack[0m and container [32mstep-setup-builder-home[0m

Showing logs for build [32mrafaelrliscano-microservicedate-p25lx-3[0m stage [32mfrom-build-pack[0m and container [32mstep-git-merge[0m
Using SHAs from PULL_REFS=master:b0df3af246e8269678070592c17c51cc03c6cc2a
WARNING: no SHAs to merge, falling back to initial cloned commit

Showing logs for build [32mrafaelrliscano-microservicedate-p25lx-3[0m stage [32mfrom-build-pack[0m and container [32mstep-setup-jx-git-credentials[0m
Generated Git credentials file /workspace/xdg_config/git/credentials

Showing logs for build [32mrafaelrliscano-microservicedate-p25lx-3[0m stage [32mfrom-build-pack[0m and container [32mstep-build-mvn-deploy[0m
Picked up _JAVA_OPTIONS: -XX:+UnlockExperimentalVMOptions -XX:+UseCGroupMemoryLimitForHeap -Dsun.zip.disableMemoryMapping=true -XX:+UseParallelGC -XX:MinHeapFreeRatio=5 -XX:MaxHeapFreeRatio=10 -XX:GCTimeRatio=4 -XX:AdaptiveSizePolicyWeight=90 -Xms10m -Xmx192m
OpenJDK 64-Bit Server VM warning: If the number of processors is expected to increase from one, then you should configure the number of parallel GC threads appropriately using -XX:ParallelGCThreads=N
[INFO] Scanning for projects...
[INFO] 
[INFO] -------------------< com.terpel:microservice-dates >--------------------
[INFO] Building microservice-dates 0.0.3
[INFO] --------------------------------[ jar ]---------------------------------
[INFO] 
[INFO] --- maven-clean-plugin:3.1.0:clean (default-clean) @ microservice-dates ---
[INFO] 
[INFO] --- maven-resources-plugin:3.1.0:resources (default-resources) @ microservice-dates ---
[INFO] Using 'UTF-8' encoding to copy filtered resources.
[INFO] Copying 1 resource
[INFO] Copying 0 resource
[INFO] 
[INFO] --- maven-compiler-plugin:3.8.0:compile (default-compile) @ microservice-dates ---
[INFO] Changes detected - recompiling the module!
[INFO] Compiling 3 source files to /workspace/source/target/classes
[INFO] 
[INFO] --- maven-resources-plugin:3.1.0:testResources (default-testResources) @ microservice-dates ---
[INFO] Using 'UTF-8' encoding to copy filtered resources.
[INFO] skip non existing resourceDirectory /workspace/source/src/test/resources
[INFO] 
[INFO] --- maven-compiler-plugin:3.8.0:testCompile (default-testCompile) @ microservice-dates ---
[INFO] No sources to compile
[INFO] 
[INFO] --- maven-surefire-plugin:3.0.0-M1:test (default-test) @ microservice-dates ---
[INFO] No tests to run.
[INFO] 
[INFO] --- maven-jar-plugin:3.1.0:jar (default-jar) @ microservice-dates ---
[INFO] Building jar: /workspace/source/target/microservice-dates-0.0.3.jar
[INFO] 
[INFO] --- maven-install-plugin:2.5.2:install (default-install) @ microservice-dates ---
[INFO] Installing /workspace/source/target/microservice-dates-0.0.3.jar to /home/jenkins/.mvnrepository/com/terpel/microservice-dates/0.0.3/microservice-dates-0.0.3.jar
[INFO] Installing /workspace/source/pom.xml to /home/jenkins/.mvnrepository/com/terpel/microservice-dates/0.0.3/microservice-dates-0.0.3.pom
[INFO] 
[INFO] --- maven-deploy-plugin:2.8.2:deploy (default-deploy) @ microservice-dates ---
[INFO] Using alternate deployment repository local-nexus::default::http://nexus/repository/maven-releases/
[INFO] ------------------------------------------------------------------------
[INFO] BUILD SUCCESS
[INFO] ------------------------------------------------------------------------
[INFO] Total time:  16.360 s
[INFO] Finished at: 2020-07-30T01:51:10Z
[INFO] ------------------------------------------------------------------------

Showing logs for build [32mrafaelrliscano-microservicedate-p25lx-3[0m stage [32mfrom-build-pack[0m and container [32mstep-build-skaffold-version[0m
v1.0.1

Showing logs for build [32mrafaelrliscano-microservicedate-p25lx-3[0m stage [32mfrom-build-pack[0m and container [32mstep-build-container-build[0m
Error: error resolving dockerfile path: please provide a valid path to a Dockerfile within the build context with --dockerfile
Usage:
  executor [flags]
  executor [command]

Available Commands:
  help        Help about any command
  version     Print the version number of kaniko

Flags:
      --build-arg multi-arg type                  This flag allows you to pass in ARG values at build time. Set it repeatedly for multiple values.
      --cache                                     Use cache when building image
      --cache-dir string                          Specify a local directory to use as a cache. (default "/cache")
      --cache-repo string                         Specify a repository to use as a cache, otherwise one will be inferred from the destination provided
      --cache-ttl duration                        Cache timeout in hours. Defaults to two weeks. (default 336h0m0s)
      --cleanup                                   Clean the filesystem at the end
  -c, --context string                            Path to the dockerfile build context. (default "/workspace/")
      --context-sub-path string                   Sub path within the given context.
  -d, --destination multi-arg type                Registry the final image should be pushed to. Set it repeatedly for multiple destinations. (default )
      --digest-file string                        Specify a file to save the digest of the built image to.
  -f, --dockerfile string                         Path to the dockerfile to be built. (default "Dockerfile")
      --force                                     Force building outside of a container
  -h, --help                                      help for executor
      --image-name-with-digest-file string        Specify a file to save the image name w/ digest of the built image to.
      --insecure                                  Push to insecure registry using plain HTTP
      --insecure-pull                             Pull from insecure registry using plain HTTP
      --insecure-registry multi-arg type          Insecure registry using plain HTTP to push and pull. Set it repeatedly for multiple registries.
      --label multi-arg type                      Set metadata for an image. Set it repeatedly for multiple labels.
      --log-format string                         Log format (text, color, json) (default "color")
      --log-timestamp                             Timestamp in log output
      --no-push                                   Do not push the image to the registry
      --oci-layout-path string                    Path to save the OCI image layout of the built image.
      --registry-certificate key-value-arg type   Use the provided certificate for TLS communication with the given registry. Expected format is 'my.registry.url=/path/to/the/server/certificate'.
      --registry-mirror string                    Registry mirror to use has pull-through cache instead of docker.io.
      --reproducible                              Strip timestamps out of the image to make it reproducible
      --single-snapshot                           Take a single snapshot at the end of the build.
      --skip-tls-verify                           Push to insecure registry ignoring TLS verify
      --skip-tls-verify-pull                      Pull from insecure registry ignoring TLS verify
      --skip-tls-verify-registry multi-arg type   Insecure registry ignoring TLS verify to push and pull. Set it repeatedly for multiple registries. (default )
      --skip-unused-stages                        Build only used stages if defined to true. Otherwise it builds by default all stages, even the unnecessaries ones until it reaches the target stage / end of Dockerfile
      --snapshotMode string                       Change the file attributes inspected during snapshotting (default "full")
      --tarPath string                            Path to save the image in as a tarball instead of pushing
      --target string                             Set the target build stage to build
  -v, --verbosity string                          Log level (trace, debug, info, warn, error, fatal, panic) (default "info")
      --whitelist-var-run                         Ignore /var/run directory when taking image snapshot. Set it to false to preserve /var/run/ in destination image. (Default true). (default true)

Use "executor [command] --help" for more information about a command.

[31m
Pipeline failed on stage 'from-build-pack' : container 'step-build-container-build'. The execution of the pipeline has stopped.[0m
