
Showing logs for build [32mrafaelrliscano-microservicedate-bgp9z-4[0m stage [32mfrom-build-pack[0m and container [32mcredential-initializer[0m
{"level":"info","ts":1596074059.0916302,"caller":"creds-init/main.go:44","msg":"Credentials initialized."}

Showing logs for build [32mrafaelrliscano-microservicedate-bgp9z-4[0m stage [32mfrom-build-pack[0m and container [32mworking-dir-initializer[0m

Showing logs for build [32mrafaelrliscano-microservicedate-bgp9z-4[0m stage [32mfrom-build-pack[0m and container [32mplace-tools[0m

Showing logs for build [32mrafaelrliscano-microservicedate-bgp9z-4[0m stage [32mfrom-build-pack[0m and container [32mstep-git-source-rafaelrliscano-microservicedate-bgp9z-htx4t[0m
{"level":"info","ts":1596074066.2351599,"caller":"git/git.go:105","msg":"Successfully cloned https://github.com/**************/microservicedates.git @ v0.0.4 in path /workspace/source"}
{"level":"warn","ts":1596074066.2352676,"caller":"git/git.go:152","msg":"Unexpected error: creating symlink: symlink /tekton/home/.ssh /root/.ssh: file exists"}
{"level":"info","ts":1596074066.2758288,"caller":"git/git.go:133","msg":"Successfully initialized and updated submodules in path /workspace/source"}

Showing logs for build [32mrafaelrliscano-microservicedate-bgp9z-4[0m stage [32mfrom-build-pack[0m and container [32mstep-setup-builder-home[0m

Showing logs for build [32mrafaelrliscano-microservicedate-bgp9z-4[0m stage [32mfrom-build-pack[0m and container [32mstep-git-merge[0m
Using SHAs from PULL_REFS=master:41961b5de331e133c141b003fe1fb79ea5f52728
WARNING: no SHAs to merge, falling back to initial cloned commit

Showing logs for build [32mrafaelrliscano-microservicedate-bgp9z-4[0m stage [32mfrom-build-pack[0m and container [32mstep-setup-jx-git-credentials[0m
Generated Git credentials file /workspace/xdg_config/git/credentials

Showing logs for build [32mrafaelrliscano-microservicedate-bgp9z-4[0m stage [32mfrom-build-pack[0m and container [32mstep-build-mvn-deploy[0m
Picked up _JAVA_OPTIONS: -XX:+UnlockExperimentalVMOptions -XX:+UseCGroupMemoryLimitForHeap -Dsun.zip.disableMemoryMapping=true -XX:+UseParallelGC -XX:MinHeapFreeRatio=5 -XX:MaxHeapFreeRatio=10 -XX:GCTimeRatio=4 -XX:AdaptiveSizePolicyWeight=90 -Xms10m -Xmx192m
OpenJDK 64-Bit Server VM warning: If the number of processors is expected to increase from one, then you should configure the number of parallel GC threads appropriately using -XX:ParallelGCThreads=N
[INFO] Scanning for projects...
[INFO] 
[INFO] -------------------< com.terpel:microservice-dates >--------------------
[INFO] Building microservice-dates 0.0.4
[INFO] --------------------------------[ jar ]---------------------------------
[INFO] 
[INFO] --- maven-clean-plugin:3.1.0:clean (default-clean) @ microservice-dates ---
[INFO] 
[INFO] --- maven-resources-plugin:3.1.0:resources (default-resources) @ microservice-dates ---
[INFO] Using 'UTF-8' encoding to copy filtered resources.
[INFO] Copying 1 resource
[INFO] Copying 0 resource
[INFO] 
[INFO] --- maven-compiler-plugin:3.8.0:compile (default-compile) @ microservice-dates ---
[INFO] Changes detected - recompiling the module!
[INFO] Compiling 3 source files to /workspace/source/target/classes
[INFO] 
[INFO] --- maven-resources-plugin:3.1.0:testResources (default-testResources) @ microservice-dates ---
[INFO] Using 'UTF-8' encoding to copy filtered resources.
[INFO] skip non existing resourceDirectory /workspace/source/src/test/resources
[INFO] 
[INFO] --- maven-compiler-plugin:3.8.0:testCompile (default-testCompile) @ microservice-dates ---
[INFO] No sources to compile
[INFO] 
[INFO] --- maven-surefire-plugin:3.0.0-M1:test (default-test) @ microservice-dates ---
[INFO] No tests to run.
[INFO] 
[INFO] --- maven-jar-plugin:3.1.0:jar (default-jar) @ microservice-dates ---
[INFO] Building jar: /workspace/source/target/microservice-dates-0.0.4.jar
[INFO] 
[INFO] --- maven-install-plugin:2.5.2:install (default-install) @ microservice-dates ---
[INFO] Installing /workspace/source/target/microservice-dates-0.0.4.jar to /home/jenkins/.mvnrepository/com/terpel/microservice-dates/0.0.4/microservice-dates-0.0.4.jar
[INFO] Installing /workspace/source/pom.xml to /home/jenkins/.mvnrepository/com/terpel/microservice-dates/0.0.4/microservice-dates-0.0.4.pom
[INFO] 
[INFO] --- maven-deploy-plugin:2.8.2:deploy (default-deploy) @ microservice-dates ---
[INFO] Using alternate deployment repository local-nexus::default::http://nexus/repository/maven-releases/
[INFO] ------------------------------------------------------------------------
[INFO] BUILD SUCCESS
[INFO] ------------------------------------------------------------------------
[INFO] Total time:  15.777 s
[INFO] Finished at: 2020-07-30T01:54:48Z
[INFO] ------------------------------------------------------------------------

Showing logs for build [32mrafaelrliscano-microservicedate-bgp9z-4[0m stage [32mfrom-build-pack[0m and container [32mstep-build-skaffold-version[0m
v1.0.1

Showing logs for build [32mrafaelrliscano-microservicedate-bgp9z-4[0m stage [32mfrom-build-pack[0m and container [32mstep-build-container-build[0m
E0730 01:54:49.691585      10 aws_credentials.go:77] while getting AWS credentials NoCredentialProviders: no valid providers in chain. Deprecated.
	For verbose messaging see aws.Config.CredentialsChainVerboseErrors
E0730 01:54:49.706613      10 metadata.go:248] Failed to unmarshal scopes: json: cannot unmarshal string into Go value of type []string
E0730 01:54:49.732121      10 metadata.go:154] while reading 'google-dockercfg' metadata: http status code: 404 while fetching url http://metadata.google.internal./computeMetadata/v1/instance/attributes/google-dockercfg
E0730 01:54:49.734243      10 metadata.go:166] while reading 'google-dockercfg-url' metadata: http status code: 404 while fetching url http://metadata.google.internal./computeMetadata/v1/instance/attributes/google-dockercfg-url
error checking push permissions -- make sure you entered the correct tag name, and that you are authenticated correctly, and try again: checking push permission for "https://gcr.io/project-k8s-278616/project-k8s-278616/microservicedates:0.0.4": creating push check transport for https: failed: Get "https://https/v2/": dial tcp: lookup https on 10.15.240.10:53: no such host
[31m
Pipeline failed on stage 'from-build-pack' : container 'step-build-container-build'. The execution of the pipeline has stopped.[0m
