
Showing logs for build [32mmeta-rafaelrliscano-microservic-xsw7b-1[0m stage [32mmeta-pipeline[0m and container [32mcredential-initializer[0m
{"level":"info","ts":1596159202.8246229,"caller":"creds-init/main.go:44","msg":"Credentials initialized."}

Showing logs for build [32mmeta-rafaelrliscano-microservic-xsw7b-1[0m stage [32mmeta-pipeline[0m and container [32mworking-dir-initializer[0m

Showing logs for build [32mmeta-rafaelrliscano-microservic-xsw7b-1[0m stage [32mmeta-pipeline[0m and container [32mplace-tools[0m

Showing logs for build [32mmeta-rafaelrliscano-microservic-xsw7b-1[0m stage [32mmeta-pipeline[0m and container [32mstep-git-source-meta-rafaelrliscano-microservic-xsw7b-sp5jm[0m
{"level":"info","ts":1596159209.9245071,"caller":"git/git.go:105","msg":"Successfully cloned https://github.com/**************/microservicedates.git @ 9d3233875197134bbd947e185072156d38274792 in path /workspace/source"}
{"level":"warn","ts":1596159209.924603,"caller":"git/git.go:152","msg":"Unexpected error: creating symlink: symlink /tekton/home/.ssh /root/.ssh: file exists"}
{"level":"info","ts":1596159209.9639645,"caller":"git/git.go:133","msg":"Successfully initialized and updated submodules in path /workspace/source"}

Showing logs for build [32mmeta-rafaelrliscano-microservic-xsw7b-1[0m stage [32mmeta-pipeline[0m and container [32mstep-setup-builder-home[0m

Showing logs for build [32mmeta-rafaelrliscano-microservic-xsw7b-1[0m stage [32mmeta-pipeline[0m and container [32mstep-git-merge[0m
Using SHAs from PULL_REFS=master:9d3233875197134bbd947e185072156d38274792,5:776cbcd2dba6f0b1ad8c5bce77d76af63a292dba
DEBUG: LC_ALL=C JX_LOG_LEVEL=error git fetch origin --unshallow 776cbcd2dba6f0b1ad8c5bce77d76af63a292dba: 9d3233875197134bbd947e185072156d38274792:
DEBUG: ran git fetch --unshallow origin 776cbcd2dba6f0b1ad8c5bce77d76af63a292dba: 9d3233875197134bbd947e185072156d38274792: in 
DEBUG: LC_ALL=C JX_LOG_LEVEL=error git branch
DEBUG: LC_ALL=C JX_LOG_LEVEL=error git checkout master
DEBUG: ran git checkout master in 
DEBUG: LC_ALL=C JX_LOG_LEVEL=error git reset --hard 9d3233875197134bbd947e185072156d38274792
DEBUG: ran git reset --hard 9d3233875197134bbd947e185072156d38274792 in 
DEBUG: JX_LOG_LEVEL=error LC_ALL=C git clean -fd .
DEBUG: ran clean --force -d . in 
DEBUG: LC_ALL=C JX_LOG_LEVEL=error git merge 776cbcd2dba6f0b1ad8c5bce77d76af63a292dba
DEBUG: ran git merge 776cbcd2dba6f0b1ad8c5bce77d76af63a292dba in 
DEBUG: LC_ALL=C JX_LOG_LEVEL=error git log --format=%H%x1f%an%x1f%ae%x1f%cn%x1f%ce%x1f%s%n%b%x1e 9d3233875197134bbd947e185072156d38274792..HEAD
Merged SHA 0881ca4366cd996d2e66790942badd4cfb707045 with commit message 'Merge commit '776cbcd2dba6f0b1ad8c5bce77d76af63a292dba'' into base branch master
Merged SHA 776cbcd2dba6f0b1ad8c5bce77d76af63a292dba with commit message 'Descarte stage #3' into base branch master

Showing logs for build [32mmeta-rafaelrliscano-microservic-xsw7b-1[0m stage [32mmeta-pipeline[0m and container [32mstep-merge-pull-refs[0m
DEBUG: LC_ALL=C JX_LOG_LEVEL=error git fetch origin --unshallow 776cbcd2dba6f0b1ad8c5bce77d76af63a292dba: 9d3233875197134bbd947e185072156d38274792:
DEBUG: LC_ALL=C JX_LOG_LEVEL=error git fetch origin 776cbcd2dba6f0b1ad8c5bce77d76af63a292dba: 9d3233875197134bbd947e185072156d38274792:
DEBUG: ran git fetch origin 776cbcd2dba6f0b1ad8c5bce77d76af63a292dba: 9d3233875197134bbd947e185072156d38274792: in 
DEBUG: LC_ALL=C JX_LOG_LEVEL=error git rev-parse --is-shallow-repository
DEBUG: Unshallowed git repo in 
DEBUG: LC_ALL=C JX_LOG_LEVEL=error git branch
DEBUG: LC_ALL=C JX_LOG_LEVEL=error git checkout master
DEBUG: ran git checkout master in 
DEBUG: LC_ALL=C JX_LOG_LEVEL=error git reset --hard 9d3233875197134bbd947e185072156d38274792
DEBUG: ran git reset --hard 9d3233875197134bbd947e185072156d38274792 in 
DEBUG: LC_ALL=C JX_LOG_LEVEL=error git clean -fd .
DEBUG: ran clean --force -d . in 
DEBUG: LC_ALL=C JX_LOG_LEVEL=error git merge 776cbcd2dba6f0b1ad8c5bce77d76af63a292dba
DEBUG: ran git merge 776cbcd2dba6f0b1ad8c5bce77d76af63a292dba in 
DEBUG: JX_LOG_LEVEL=error LC_ALL=C git log --format=%H%x1f%an%x1f%ae%x1f%cn%x1f%ce%x1f%s%n%b%x1e 9d3233875197134bbd947e185072156d38274792..HEAD
Merged SHA 862699f1a22338cd1e4cd1cc6f114b1eaa97eab3 with commit message 'Merge commit '776cbcd2dba6f0b1ad8c5bce77d76af63a292dba'' into base branch master
Merged SHA 776cbcd2dba6f0b1ad8c5bce77d76af63a292dba with commit message 'Descarte stage #3' into base branch master

Showing logs for build [32mmeta-rafaelrliscano-microservic-xsw7b-1[0m stage [32mmeta-pipeline[0m and container [32mstep-create-effective-pipeline[0m
Effective pipeline written to jenkins-x-pr-build-effective.yml

Showing logs for build [32mmeta-rafaelrliscano-microservic-xsw7b-1[0m stage [32mmeta-pipeline[0m and container [32mstep-create-tekton-crds[0m
error: failed to generate Tekton CRDs: unable to extract the requested pipeline: no pipeline defined for kind pullrequest
[31m
Pipeline failed on stage 'meta-pipeline' : container 'step-create-tekton-crds'. The execution of the pipeline has stopped.[0m
