
Showing logs for build [32mmeta-rafaelrliscano-microservic-5hmtl-1[0m stage [32mmeta-pipeline[0m and container [32mcredential-initializer[0m
{"level":"info","ts":1596510829.1222882,"caller":"creds-init/main.go:44","msg":"Credentials initialized."}

Showing logs for build [32mmeta-rafaelrliscano-microservic-5hmtl-1[0m stage [32mmeta-pipeline[0m and container [32mworking-dir-initializer[0m

Showing logs for build [32mmeta-rafaelrliscano-microservic-5hmtl-1[0m stage [32mmeta-pipeline[0m and container [32mplace-tools[0m

Showing logs for build [32mmeta-rafaelrliscano-microservic-5hmtl-1[0m stage [32mmeta-pipeline[0m and container [32mstep-git-source-meta-rafaelrliscano-microservic-5hmtl-55q6z[0m
{"level":"info","ts":1596510835.9704323,"caller":"git/git.go:105","msg":"Successfully cloned https://github.com/**************/microservicedates.git @ ad20da75d732c9919eeaa07595da8012801ad24a in path /workspace/source"}
{"level":"warn","ts":1596510835.9709332,"caller":"git/git.go:152","msg":"Unexpected error: creating symlink: symlink /tekton/home/.ssh /root/.ssh: file exists"}
{"level":"info","ts":1596510836.0130947,"caller":"git/git.go:133","msg":"Successfully initialized and updated submodules in path /workspace/source"}

Showing logs for build [32mmeta-rafaelrliscano-microservic-5hmtl-1[0m stage [32mmeta-pipeline[0m and container [32mstep-setup-builder-home[0m

Showing logs for build [32mmeta-rafaelrliscano-microservic-5hmtl-1[0m stage [32mmeta-pipeline[0m and container [32mstep-git-merge[0m
Using SHAs from PULL_REFS=master:ad20da75d732c9919eeaa07595da8012801ad24a,20:d96447196edd37c3cdae9dcec9666312fab03923
DEBUG: JX_LOG_LEVEL=error LC_ALL=C git fetch origin --unshallow d96447196edd37c3cdae9dcec9666312fab03923: ad20da75d732c9919eeaa07595da8012801ad24a:
DEBUG: ran git fetch --unshallow origin d96447196edd37c3cdae9dcec9666312fab03923: ad20da75d732c9919eeaa07595da8012801ad24a: in 
DEBUG: LC_ALL=C JX_LOG_LEVEL=error git branch
DEBUG: LC_ALL=C JX_LOG_LEVEL=error git checkout master
DEBUG: ran git checkout master in 
DEBUG: LC_ALL=C JX_LOG_LEVEL=error git reset --hard ad20da75d732c9919eeaa07595da8012801ad24a
DEBUG: ran git reset --hard ad20da75d732c9919eeaa07595da8012801ad24a in 
DEBUG: LC_ALL=C JX_LOG_LEVEL=error git clean -fd .
DEBUG: ran clean --force -d . in 
DEBUG: LC_ALL=C JX_LOG_LEVEL=error git merge d96447196edd37c3cdae9dcec9666312fab03923
DEBUG: ran git merge d96447196edd37c3cdae9dcec9666312fab03923 in 
DEBUG: LC_ALL=C JX_LOG_LEVEL=error git log --format=%H%x1f%an%x1f%ae%x1f%cn%x1f%ce%x1f%s%n%b%x1e ad20da75d732c9919eeaa07595da8012801ad24a..HEAD
Merged SHA 689b0250aa68fe2481d8795e28a5af8d46d3a0fd with commit message 'Merge commit 'd96447196edd37c3cdae9dcec9666312fab03923'' into base branch master
Merged SHA d96447196edd37c3cdae9dcec9666312fab03923 with commit message '0.0.2' into base branch master

Showing logs for build [32mmeta-rafaelrliscano-microservic-5hmtl-1[0m stage [32mmeta-pipeline[0m and container [32mstep-merge-pull-refs[0m
DEBUG: LC_ALL=C JX_LOG_LEVEL=error git fetch origin --unshallow d96447196edd37c3cdae9dcec9666312fab03923: ad20da75d732c9919eeaa07595da8012801ad24a:
DEBUG: LC_ALL=C JX_LOG_LEVEL=error git fetch origin d96447196edd37c3cdae9dcec9666312fab03923: ad20da75d732c9919eeaa07595da8012801ad24a:
DEBUG: ran git fetch origin d96447196edd37c3cdae9dcec9666312fab03923: ad20da75d732c9919eeaa07595da8012801ad24a: in 
DEBUG: JX_LOG_LEVEL=error LC_ALL=C git rev-parse --is-shallow-repository
DEBUG: Unshallowed git repo in 
DEBUG: LC_ALL=C JX_LOG_LEVEL=error git branch
DEBUG: LC_ALL=C JX_LOG_LEVEL=error git checkout master
DEBUG: ran git checkout master in 
DEBUG: LC_ALL=C JX_LOG_LEVEL=error git reset --hard ad20da75d732c9919eeaa07595da8012801ad24a
DEBUG: ran git reset --hard ad20da75d732c9919eeaa07595da8012801ad24a in 
DEBUG: LC_ALL=C JX_LOG_LEVEL=error git clean -fd .
DEBUG: ran clean --force -d . in 
DEBUG: LC_ALL=C JX_LOG_LEVEL=error git merge d96447196edd37c3cdae9dcec9666312fab03923
DEBUG: ran git merge d96447196edd37c3cdae9dcec9666312fab03923 in 
DEBUG: LC_ALL=C JX_LOG_LEVEL=error git log --format=%H%x1f%an%x1f%ae%x1f%cn%x1f%ce%x1f%s%n%b%x1e ad20da75d732c9919eeaa07595da8012801ad24a..HEAD
Merged SHA b196351d9accdc54480dd1746b377101d334e827 with commit message 'Merge commit 'd96447196edd37c3cdae9dcec9666312fab03923'' into base branch master
Merged SHA d96447196edd37c3cdae9dcec9666312fab03923 with commit message '0.0.2' into base branch master

Showing logs for build [32mmeta-rafaelrliscano-microservic-5hmtl-1[0m stage [32mmeta-pipeline[0m and container [32mstep-create-effective-pipeline[0m
Effective pipeline written to jenkins-x-pr-build-effective.yml

Showing logs for build [32mmeta-rafaelrliscano-microservic-5hmtl-1[0m stage [32mmeta-pipeline[0m and container [32mstep-create-tekton-crds[0m
error: failed to generate Tekton CRDs: unable to extract the requested pipeline: no pipeline defined for kind pullrequest
[31m
Pipeline failed on stage 'meta-pipeline' : container 'step-create-tekton-crds'. The execution of the pipeline has stopped.[0m
